Content-Type: multipart/alternative;
 boundary="===============9042507823227361046=="
MIME-Version: 1.0
Subject: Verify Email Address!
From: foo@bar.com
To: hao@bar.com
Date: Tue, 09 Apr 2024 07:09:37 -0000
Message-ID: <171264657788.5357.17575059775019179976@localhost>

--===============9042507823227361046==
Content-Type: text/plain; charset="utf-8"
MIME-Version: 1.0
Content-Transfer-Encoding: 7bit

Verify your email
here is the url: 
--===============9042507823227361046==
Content-Type: text/html; charset="utf-8"
MIME-Version: 1.0
Content-Transfer-Encoding: 7bit

<h1>Verify your email</h1>
here is the url: <a href="jd"></a>
--===============9042507823227361046==--

-------------------------------------------------------------------------------
