Content-Type: multipart/alternative;
 boundary="===============2353752728009933739=="
MIME-Version: 1.0
Subject: Verify Email Address!
From: foo@bar.com
To: hao@bar.com
Date: Tue, 09 Apr 2024 08:00:13 -0000
Message-ID: <171264961336.9219.2561575355086160572@localhost>

--===============2353752728009933739==
Content-Type: text/plain; charset="utf-8"
MIME-Version: 1.0
Content-Transfer-Encoding: 7bit

Verify your email
here is the url: 
--===============2353752728009933739==
Content-Type: text/html; charset="utf-8"
MIME-Version: 1.0
Content-Transfer-Encoding: 7bit

<h1>Verify your email</h1>
here is the url: <a href="jd"></a>
--===============2353752728009933739==--

-------------------------------------------------------------------------------
